[debug] [2022-09-19T20:24:43.456Z] ----------------------------------------------------------------------
[debug] [2022-09-19T20:24:43.459Z] Command:       C:\Program Files\nodejs\node.exe C:\Users\jnbra\AppData\Roaming\npm\node_modules\firebase-tools\lib\bin\firebase.js init
[debug] [2022-09-19T20:24:43.460Z] CLI Version:   11.8.0
[debug] [2022-09-19T20:24:43.460Z] Platform:      win32
[debug] [2022-09-19T20:24:43.460Z] Node Version:  v18.7.0
[debug] [2022-09-19T20:24:43.461Z] Time:          Mon Sep 19 2022 17:24:43 GMT-0300 (hora estándar de Argentina)
[debug] [2022-09-19T20:24:43.462Z] ----------------------------------------------------------------------
[debug] 
[debug] [2022-09-19T20:24:43.567Z] > command requires scopes: ["email","openid","https://www.googleapis.com/auth/cloudplatformprojects.readonly","https://www.googleapis.com/auth/firebase","https://www.googleapis.com/auth/cloud-platform"]
[debug] [2022-09-19T20:24:43.569Z] > authorizing via signed-in user (jnbrandani@gmail.com)
[info] 
     ######## #### ########  ######## ########     ###     ######  ########
     ##        ##  ##     ## ##       ##     ##  ##   ##  ##       ##
     ######    ##  ########  ######   ########  #########  ######  ######
     ##        ##  ##    ##  ##       ##     ## ##     ##       ## ##
     ##       #### ##     ## ######## ########  ##     ##  ######  ########

You're about to initialize a Firebase project in this directory:

  C:\ProyectoIntegrador_Brandani\ProyectoIntegrador_Brandani\FrontEnd

Before we get started, keep in mind:

  * You are currently outside your home directory
  * You are initializing within an existing Firebase project directory

