[debug] [2022-09-19T20:25:19.877Z] ----------------------------------------------------------------------
[debug] [2022-09-19T20:25:19.880Z] Command:       C:\Program Files\nodejs\node.exe C:\Users\jnbra\AppData\Roaming\npm\node_modules\firebase-tools\lib\bin\firebase.js init
[debug] [2022-09-19T20:25:19.881Z] CLI Version:   11.8.0
[debug] [2022-09-19T20:25:19.881Z] Platform:      win32
[debug] [2022-09-19T20:25:19.881Z] Node Version:  v18.7.0
[debug] [2022-09-19T20:25:19.883Z] Time:          Mon Sep 19 2022 17:25:19 GMT-0300 (hora estándar de Argentina)
[debug] [2022-09-19T20:25:19.883Z] ----------------------------------------------------------------------
[debug] 
[debug] [2022-09-19T20:25:19.985Z] > command requires scopes: ["email","openid","https://www.googleapis.com/auth/cloudplatformprojects.readonly","https://www.googleapis.com/auth/firebase","https://www.googleapis.com/auth/cloud-platform"]
[debug] [2022-09-19T20:25:19.986Z] > authorizing via signed-in user (jnbrandani@gmail.com)
[info] 
     ######## #### ########  ######## ########     ###     ######  ########
     ##        ##  ##     ## ##       ##     ##  ##   ##  ##       ##
     ######    ##  ########  ######   ########  #########  ######  ######
     ##        ##  ##    ##  ##       ##     ## ##     ##       ## ##
     ##       #### ##     ## ######## ########  ##     ##  ######  ########

You're about to initialize a Firebase project in this directory:

  C:\ProyectoIntegrador_Brandani\ProyectoIntegrador_Brandani\FrontEnd

Before we get started, keep in mind:

  * You are currently outside your home directory
  * You are initializing within an existing Firebase project directory

